<?xml version="1.0" encoding="UTF-8" ?>
<testsuite tests="16" failures="0" name="com.synopsys.homework.AppCalculatorTest" time="1.905" errors="0" skipped="0">
  <properties>
[...]
</properties>
  <testcase classname="com.synopsys.homework.AppCalculatorTest" name="testLetExpression" time="1.718"/>
  <testcase classname="com.synopsys.homework.AppCalculatorTest" name="numOutOfBoundMultiplication" time="0.016"/>
  <testcase classname="com.synopsys.homework.AppCalculatorTest" name="testMultExpression" time="0.016"/>
  <testcase classname="com.synopsys.homework.AppCalculatorTest" name="numOutOfBoundAddition" time="0.015"/>
  <testcase classname="com.synopsys.homework.AppCalculatorTest" name="testNullExpression" time="0"/>
  <testcase classname="com.synopsys.homework.AppCalculatorTest" name="testNumExpression" time="0"/>
  <testcase classname="com.synopsys.homework.AppCalculatorTest" name="testDivisionExpression" time="0.016"/>
  <testcase classname="com.synopsys.homework.AppCalculatorTest" name="multInvalidExpression" time="0.015"/>
  <testcase classname="com.synopsys.homework.AppCalculatorTest" name="invalidLogArgs" time="0.016"/>
  <testcase classname="com.synopsys.homework.AppCalculatorTest" name="numOutOfBoundSubtraction" time="0.015"/>
  <testcase classname="com.synopsys.homework.AppCalculatorTest" name="testSubtractionExpression" time="0.016"/>
  <testcase classname="com.synopsys.homework.AppCalculatorTest" name="zeroDivisorExpression" time="0.016"/>
  <testcase classname="com.synopsys.homework.AppCalculatorTest" name="testComplexExpression" time="0.031"/>
  <testcase classname="com.synopsys.homework.AppCalculatorTest" name="invalidExpressionArgs" time="0"/>
  <testcase classname="com.synopsys.homework.AppCalculatorTest" name="testAdditionExpression" time="0"/>
  <testcase classname="com.synopsys.homework.AppCalculatorTest" name="emptyExpressionArgs" time="0.015"/>
</testsuite>